Using pre-set license
Built from '2020.3/staging' branch; Version is '2020.3.20f1 (41c4e627c95f) revision 4310246'; Using compiler version '192528614'; Build Type 'Release'
OS: 'Windows 10 Pro; OS build 19043.1466; Version 2009; 64bit' Language: 'es' Physical Memory: 49070 MB
BatchMode: 1, IsHumanControllingUs: 0, StartBugReporterOnCrash: 0, Is64bit: 1, IsPro: 0

COMMAND LINE ARGUMENTS:
C:\Program Files\Unity\Hub\Editor\2020.3.20f1\Editor\Unity.exe
-adb2
-batchMode
-noUpm
-name
AssetImportWorker0
-projectPath
C:/Users/jonat/Documents/Arquitectura de Software/ADSEF003
-logFile
Logs/AssetImportWorker0.log
-srvPort
55276
Successfully changed project path to: C:/Users/jonat/Documents/Arquitectura de Software/ADSEF003
C:/Users/jonat/Documents/Arquitectura de Software/ADSEF003
Using Asset Import Pipeline V2.
Refreshing native plugins compatible for Editor in 24.26 ms, found 2 plugins.
Preloading 0 native plugins for Editor in 0.00 ms.
Initialize engine version: 2020.3.20f1 (41c4e627c95f)
[Subsystems] Discovering subsystems at path C:/Program Files/Unity/Hub/Editor/2020.3.20f1/Editor/Data/Resources/UnitySubsystems
[Subsystems] Discovering subsystems at path C:/Users/jonat/Documents/Arquitectura de Software/ADSEF003/Assets
GfxDevice: creating device client; threaded=0
Direct3D:
    Version:  Direct3D 11.0 [level 11.1]
    Renderer: NVIDIA GeForce RTX 3070 (ID=0x2484)
    Vendor:   
    VRAM:     8043 MB
    Driver:   30.0.14.7212
Initialize mono
Mono path[0] = 'C:/Program Files/Unity/Hub/Editor/2020.3.20f1/Editor/Data/Managed'
Mono path[1] = 'C:/Program Files/Unity/Hub/Editor/2020.3.20f1/Editor/Data/MonoBleedingEdge/lib/mono/unityjit'
Mono config path = 'C:/Program Files/Unity/Hub/Editor/2020.3.20f1/Editor/Data/MonoBleedingEdge/etc'
Using monoOptions --debugger-agent=transport=dt_socket,embedding=1,server=y,suspend=n,address=127.0.0.1:56572
Begin MonoManager ReloadAssembly
Registering precompiled unity dll's ...
Register platform support module: C:/Program Files/Unity/Hub/Editor/2020.3.20f1/Editor/Data/PlaybackEngines/WindowsStandaloneSupport/UnityEditor.WindowsStandalone.Extensions.dll
Registered in 0.001680 seconds.
Native extension for WindowsStandalone target not found
Refreshing native plugins compatible for Editor in 23.96 ms, found 2 plugins.
Preloading 0 native plugins for Editor in 0.00 ms.
Mono: successfully reloaded assembly
- Completed reload, in  1.942 seconds
Domain Reload Profiling:
	ReloadAssembly (1942ms)
		BeginReloadAssembly (45ms)
			ExecutionOrderSort (0ms)
			DisableScriptedObjects (0ms)
			BackupInstance (0ms)
			ReleaseScriptingObjects (0ms)
			CreateAndSetChildDomain (1ms)
		EndReloadAssembly (332ms)
			LoadAssemblies (43ms)
			RebuildTransferFunctionScriptingTraits (0ms)
			SetupTypeCache (119ms)
			ReleaseScriptCaches (0ms)
			RebuildScriptCaches (25ms)
			SetupLoadedEditorAssemblies (130ms)
				LogAssemblyErrors (0ms)
				InitializePlatformSupportModulesInManaged (3ms)
				SetLoadedEditorAssemblies (0ms)
				RefreshPlugins (24ms)
				BeforeProcessingInitializeOnLoad (14ms)
				ProcessInitializeOnLoadAttributes (64ms)
				ProcessInitializeOnLoadMethodAttributes (23ms)
				AfterProcessingInitializeOnLoad (0ms)
				EditorAssembliesLoaded (0ms)
			ExecutionOrderSort2 (0ms)
			AwakeInstancesAfterBackupRestoration (0ms)
Platform modules already initialized, skipping
Registering precompiled user dll's ...
Registered in 0.002384 seconds.
Begin MonoManager ReloadAssembly
Native extension for WindowsStandalone target not found
Refreshing native plugins compatible for Editor in 0.32 ms, found 2 plugins.
Preloading 0 native plugins for Editor in 0.00 ms.
Mono: successfully reloaded assembly
- Completed reload, in  0.836 seconds
Domain Reload Profiling:
	ReloadAssembly (836ms)
		BeginReloadAssembly (131ms)
			ExecutionOrderSort (0ms)
			DisableScriptedObjects (4ms)
			BackupInstance (0ms)
			ReleaseScriptingObjects (0ms)
			CreateAndSetChildDomain (16ms)
		EndReloadAssembly (651ms)
			LoadAssemblies (68ms)
			RebuildTransferFunctionScriptingTraits (0ms)
			SetupTypeCache (222ms)
			ReleaseScriptCaches (0ms)
			RebuildScriptCaches (34ms)
			SetupLoadedEditorAssemblies (248ms)
				LogAssemblyErrors (0ms)
				InitializePlatformSupportModulesInManaged (4ms)
				SetLoadedEditorAssemblies (0ms)
				RefreshPlugins (0ms)
				BeforeProcessingInitializeOnLoad (63ms)
				ProcessInitializeOnLoadAttributes (170ms)
				ProcessInitializeOnLoadMethodAttributes (4ms)
				AfterProcessingInitializeOnLoad (5ms)
				EditorAssembliesLoaded (0ms)
			ExecutionOrderSort2 (0ms)
			AwakeInstancesAfterBackupRestoration (5ms)
Platform modules already initialized, skipping
========================================================================
Worker process is ready to serve import requests
Launched and connected shader compiler UnityShaderCompiler.exe after 0.05 seconds
Refreshing native plugins compatible for Editor in 0.31 ms, found 2 plugins.
Preloading 0 native plugins for Editor in 0.00 ms.
Unloading 1399 Unused Serialized files (Serialized files now loaded: 0)
System memory in use before: 64.8 MB.
System memory in use after: 64.9 MB.

Unloading 16 unused Assets to reduce memory usage. Loaded Objects now: 1834.
Total: 2.622300 ms (FindLiveObjects: 0.206700 ms CreateObjectMapping: 0.033600 ms MarkObjects: 2.320100 ms  DeleteObjects: 0.060600 ms)

AssetImportParameters requested are different than current active one (requested -> active):
  custom:framework-win-MediaFoundation: 216162199b28c13a410421893ffa2e32 -> 
  custom:video-decoder-ogg-theora: a1e56fd34408186e4bbccfd4996cb3dc -> 
  custom:container-muxer-webm: aa71ff27fc2769a1b78a27578f13a17b -> 
  custom:container-demuxer-webm: 4f35f7cbe854078d1ac9338744f61a02 -> 
  custom:container-demuxer-ogg: 62fdf1f143b41e24485cea50d1cbac27 -> 
  custom:video-encoder-webm-vp8: eb34c28f22e8b96e1ab97ce403110664 -> 
  custom:video-decoder-webm-vp8: 9c59270c3fd7afecdb556c50c9e8de78 -> 
  custom:audio-decoder-ogg-vorbis: bf7c407c2cedff20999df2af8eb42d56 -> 
  custom:audio-encoder-webm-vorbis: bf7c407c2cedff20999df2af8eb42d56 -> 
========================================================================
Received Import Request.
  path: Assets
  artifactKey: Guid(00000000000000001000000000000000) Importer(815301076,1909f56bfc062723c751e8b465ee728b)
Start importing Assets using Guid(00000000000000001000000000000000) Importer(815301076,1909f56bfc062723c751e8b465ee728b)  -> (artifact id: '42d402b061de3733987d63b9cc3b64de') in 0.006690 seconds 
  Import took 0.008608 seconds .

========================================================================
Received Import Request.
  Time since last request: 7.380024 seconds.
  path: Assets/3DModelos
  artifactKey: Guid(fb7932fe2df541643b91e39f9bb9daa2) Importer(815301076,1909f56bfc062723c751e8b465ee728b)
Start importing Assets/3DModelos using Guid(fb7932fe2df541643b91e39f9bb9daa2) Importer(815301076,1909f56bfc062723c751e8b465ee728b)  -> (artifact id: '42305a9337af6559ffe1c619f30c0e2c') in 0.006890 seconds 
  Import took 0.009002 seconds .

========================================================================
Received Import Request.
  Time since last request: 21.487834 seconds.
  path: Assets/3DModelos/cuboPersonaje_DefaultMaterial_BaseColor.png
  artifactKey: Guid(6e795879840bbd14d8ff6748c166389e) Importer(815301076,1909f56bfc062723c751e8b465ee728b)
Start importing Assets/3DModelos/cuboPersonaje_DefaultMaterial_BaseColor.png using Guid(6e795879840bbd14d8ff6748c166389e) Importer(815301076,1909f56bfc062723c751e8b465ee728b)  -> (artifact id: 'f9f5a8d91d5968d8082dc5d72f55a859') in 0.078653 seconds 
  Import took 0.080957 seconds .

========================================================================
Received Import Request.
  Time since last request: 0.000135 seconds.
  path: Assets/3DModelos/cuboPersonaje_DefaultMaterial_Height.png
  artifactKey: Guid(998db5d76cc757647be0ba630a4fbb33) Importer(815301076,1909f56bfc062723c751e8b465ee728b)
Start importing Assets/3DModelos/cuboPersonaje_DefaultMaterial_Height.png using Guid(998db5d76cc757647be0ba630a4fbb33) Importer(815301076,1909f56bfc062723c751e8b465ee728b)  -> (artifact id: '58a025565bf1a80643dffd5785fee04e') in 0.012761 seconds 
  Import took 0.014635 seconds .

========================================================================
Received Import Request.
  Time since last request: 0.000132 seconds.
  path: Assets/3DModelos/cuboPersonaje_DefaultMaterial_Normal.png
  artifactKey: Guid(20f9124a2b569fa4e819a1cd4b26482a) Importer(815301076,1909f56bfc062723c751e8b465ee728b)
Start importing Assets/3DModelos/cuboPersonaje_DefaultMaterial_Normal.png using Guid(20f9124a2b569fa4e819a1cd4b26482a) Importer(815301076,1909f56bfc062723c751e8b465ee728b)  -> (artifact id: 'bf58003f4aa5b090654c2fecb0490f32') in 0.010944 seconds 
  Import took 0.012844 seconds .

========================================================================
Received Import Request.
  Time since last request: 0.000139 seconds.
  path: Assets/3DModelos/cuboPersonaje_DefaultMaterial_Metallic.png
  artifactKey: Guid(a9d79a46190c8d84389be5d5a16c18d5) Importer(815301076,1909f56bfc062723c751e8b465ee728b)
Start importing Assets/3DModelos/cuboPersonaje_DefaultMaterial_Metallic.png using Guid(a9d79a46190c8d84389be5d5a16c18d5) Importer(815301076,1909f56bfc062723c751e8b465ee728b)  -> (artifact id: '1c21c54e2c51a58eab27791604135ea2') in 0.010106 seconds 
  Import took 0.011988 seconds .

========================================================================
Received Import Request.
  Time since last request: 0.000145 seconds.
  path: Assets/3DModelos/cuboPersonaje_DefaultMaterial_Roughness.png
  artifactKey: Guid(cc3c92ee50ab1664b8f258722722224f) Importer(815301076,1909f56bfc062723c751e8b465ee728b)
Start importing Assets/3DModelos/cuboPersonaje_DefaultMaterial_Roughness.png using Guid(cc3c92ee50ab1664b8f258722722224f) Importer(815301076,1909f56bfc062723c751e8b465ee728b)  -> (artifact id: 'd995887c352990dffe285d0b3032725a') in 0.009871 seconds 
  Import took 0.011941 seconds .

========================================================================
Received Import Request.
  Time since last request: 8.979904 seconds.
  path: Assets/3DModelos/New Folder
  artifactKey: Guid(fae68698d9b3e80468d9b030fe8c6696) Importer(815301076,1909f56bfc062723c751e8b465ee728b)
Start importing Assets/3DModelos/New Folder using Guid(fae68698d9b3e80468d9b030fe8c6696) Importer(815301076,1909f56bfc062723c751e8b465ee728b)  -> (artifact id: 'd3816c60674e50fd5d83a2b1bba42646') in 0.005352 seconds 
  Import took 0.007445 seconds .

========================================================================
Received Prepare
Registering precompiled user dll's ...
Registered in 0.002516 seconds.
Begin MonoManager ReloadAssembly
Native extension for WindowsStandalone target not found
Refreshing native plugins compatible for Editor in 0.36 ms, found 2 plugins.
Preloading 0 native plugins for Editor in 0.00 ms.
Mono: successfully reloaded assembly
- Completed reload, in  0.855 seconds
Domain Reload Profiling:
	ReloadAssembly (856ms)
		BeginReloadAssembly (107ms)
			ExecutionOrderSort (0ms)
			DisableScriptedObjects (4ms)
			BackupInstance (0ms)
			ReleaseScriptingObjects (0ms)
			CreateAndSetChildDomain (29ms)
		EndReloadAssembly (689ms)
			LoadAssemblies (73ms)
			RebuildTransferFunctionScriptingTraits (0ms)
			SetupTypeCache (235ms)
			ReleaseScriptCaches (1ms)
			RebuildScriptCaches (33ms)
			SetupLoadedEditorAssemblies (259ms)
				LogAssemblyErrors (0ms)
				InitializePlatformSupportModulesInManaged (5ms)
				SetLoadedEditorAssemblies (0ms)
				RefreshPlugins (0ms)
				BeforeProcessingInitializeOnLoad (67ms)
				ProcessInitializeOnLoadAttributes (177ms)
				ProcessInitializeOnLoadMethodAttributes (4ms)
				AfterProcessingInitializeOnLoad (6ms)
				EditorAssembliesLoaded (0ms)
			ExecutionOrderSort2 (0ms)
			AwakeInstancesAfterBackupRestoration (7ms)
Platform modules already initialized, skipping
Refreshing native plugins compatible for Editor in 0.32 ms, found 2 plugins.
Preloading 0 native plugins for Editor in 0.00 ms.
Unloading 1393 Unused Serialized files (Serialized files now loaded: 0)
System memory in use before: 64.7 MB.
System memory in use after: 64.8 MB.

Unloading 11 unused Assets to reduce memory usage. Loaded Objects now: 1838.
Total: 2.445500 ms (FindLiveObjects: 0.152300 ms CreateObjectMapping: 0.030500 ms MarkObjects: 2.249500 ms  DeleteObjects: 0.012300 ms)

AssetImportParameters requested are different than current active one (requested -> active):
  custom:framework-win-MediaFoundation: 216162199b28c13a410421893ffa2e32 -> 
  custom:video-decoder-ogg-theora: a1e56fd34408186e4bbccfd4996cb3dc -> 
  custom:container-muxer-webm: aa71ff27fc2769a1b78a27578f13a17b -> 
  custom:container-demuxer-webm: 4f35f7cbe854078d1ac9338744f61a02 -> 
  custom:container-demuxer-ogg: 62fdf1f143b41e24485cea50d1cbac27 -> 
  custom:video-encoder-webm-vp8: eb34c28f22e8b96e1ab97ce403110664 -> 
  custom:video-decoder-webm-vp8: 9c59270c3fd7afecdb556c50c9e8de78 -> 
  custom:audio-decoder-ogg-vorbis: bf7c407c2cedff20999df2af8eb42d56 -> 
  custom:audio-encoder-webm-vorbis: bf7c407c2cedff20999df2af8eb42d56 -> 
========================================================================
Received Import Request.
  Time since last request: 13.807030 seconds.
  path: Assets/3DModelos/Personaje
  artifactKey: Guid(fae68698d9b3e80468d9b030fe8c6696) Importer(815301076,1909f56bfc062723c751e8b465ee728b)
Start importing Assets/3DModelos/Personaje using Guid(fae68698d9b3e80468d9b030fe8c6696) Importer(815301076,1909f56bfc062723c751e8b465ee728b)  -> (artifact id: 'f848914d9d41e9e7e80ca639b0167238') in 0.007817 seconds 
  Import took 0.009801 seconds .

========================================================================
Received Import Request.
  Time since last request: 10.461958 seconds.
  path: Assets/3DModelos/Personaje/Personajeç.mat
  artifactKey: Guid(98891e09230d4e54284d54b67178bc26) Importer(815301076,1909f56bfc062723c751e8b465ee728b)
Start importing Assets/3DModelos/Personaje/Personajeç.mat using Guid(98891e09230d4e54284d54b67178bc26) Importer(815301076,1909f56bfc062723c751e8b465ee728b)  -> (artifact id: '31381b2b637394aa5caf9446da4073b3') in 0.088829 seconds 
  Import took 0.091099 seconds .

========================================================================
Received Import Request.
  Time since last request: 4.813313 seconds.
  path: Assets/3DModelos/Personaje/Personaje.mat
  artifactKey: Guid(98891e09230d4e54284d54b67178bc26) Importer(815301076,1909f56bfc062723c751e8b465ee728b)
Start importing Assets/3DModelos/Personaje/Personaje.mat using Guid(98891e09230d4e54284d54b67178bc26) Importer(815301076,1909f56bfc062723c751e8b465ee728b)  -> (artifact id: '231e3e2f7b2cca88b43605b87db2b5e1') in 0.006851 seconds 
  Import took 0.009153 seconds .

========================================================================
Received Import Request.
  Time since last request: 40.892234 seconds.
  path: Assets/3DModelos/cuboPersonaje.fbx
  artifactKey: Guid(fa5b608cca1036a4c98d221fcf566eff) Importer(815301076,1909f56bfc062723c751e8b465ee728b)
Start importing Assets/3DModelos/cuboPersonaje.fbx using Guid(fa5b608cca1036a4c98d221fcf566eff) Importer(815301076,1909f56bfc062723c751e8b465ee728b)  -> (artifact id: '836d71f538764946db43ce00368f56fd') in 0.047690 seconds 
  Import took 0.050223 seconds .

========================================================================
Received Import Request.
  Time since last request: 4.332693 seconds.
  path: Assets/3DModelos/cuboPersonaje.fbx
  artifactKey: Guid(fa5b608cca1036a4c98d221fcf566eff) Importer(815301076,1909f56bfc062723c751e8b465ee728b)
Start importing Assets/3DModelos/cuboPersonaje.fbx using Guid(fa5b608cca1036a4c98d221fcf566eff) Importer(815301076,1909f56bfc062723c751e8b465ee728b)  -> (artifact id: '2eadca17ff52ebd7a39e95cdfafcfe76') in 0.011430 seconds 
  Import took 0.013678 seconds .

========================================================================
Received Import Request.
  Time since last request: 255.182024 seconds.
  path: Assets/3DModelos/Enemigo
  artifactKey: Guid(0cab0d65ab6b7c74e9fc00db5d87079f) Importer(815301076,1909f56bfc062723c751e8b465ee728b)
Start importing Assets/3DModelos/Enemigo using Guid(0cab0d65ab6b7c74e9fc00db5d87079f) Importer(815301076,1909f56bfc062723c751e8b465ee728b)  -> (artifact id: '5f9e554af279cb42bbeb50c815095bae') in 0.005471 seconds 
  Import took 0.007694 seconds .

========================================================================
Received Import Request.
  Time since last request: 799.230125 seconds.
  path: Assets/3DModelos/Arbol
  artifactKey: Guid(9dd56d2d9fd866f48bacb1079b5e5d3e) Importer(815301076,1909f56bfc062723c751e8b465ee728b)
Start importing Assets/3DModelos/Arbol using Guid(9dd56d2d9fd866f48bacb1079b5e5d3e) Importer(815301076,1909f56bfc062723c751e8b465ee728b)  -> (artifact id: '3df8327ea57242ec86f51366a740823e') in 0.005585 seconds 
  Import took 0.008033 seconds .

========================================================================
Received Import Request.
  Time since last request: 102.328335 seconds.
  path: Assets/3DModelos/Arbol/ArbolCuadrado.fbx
  artifactKey: Guid(96c36705b06ddce4e990426211f60fd8) Importer(815301076,1909f56bfc062723c751e8b465ee728b)
Start importing Assets/3DModelos/Arbol/ArbolCuadrado.fbx using Guid(96c36705b06ddce4e990426211f60fd8) Importer(815301076,1909f56bfc062723c751e8b465ee728b)  -> (artifact id: '220a36791df847337889dd04266617e3') in 0.026527 seconds 
  Import took 0.028838 seconds .

========================================================================
Received Import Request.
  Time since last request: 65.841778 seconds.
  path: Assets/3DModelos/Arbol/ArbolCuadrado.fbx
  artifactKey: Guid(96c36705b06ddce4e990426211f60fd8) Importer(815301076,1909f56bfc062723c751e8b465ee728b)
Start importing Assets/3DModelos/Arbol/ArbolCuadrado.fbx using Guid(96c36705b06ddce4e990426211f60fd8) Importer(815301076,1909f56bfc062723c751e8b465ee728b)  -> (artifact id: '53f0f89b5e9d44f3214dde35022731b8') in 0.020122 seconds 
  Import took 0.022524 seconds .

========================================================================
Received Import Request.
  Time since last request: 206.392371 seconds.
  path: Assets/3DModelos/Arbol/Tronco_ambientocclusion.png
  artifactKey: Guid(48aef24841e4fac419a2f3f7bf3cfc99) Importer(815301076,1909f56bfc062723c751e8b465ee728b)
Start importing Assets/3DModelos/Arbol/Tronco_ambientocclusion.png using Guid(48aef24841e4fac419a2f3f7bf3cfc99) Importer(815301076,1909f56bfc062723c751e8b465ee728b)  -> (artifact id: 'd26aa9d482a531343715cca2a7d71102') in 0.015749 seconds 
  Import took 0.018142 seconds .

========================================================================
Received Import Request.
  Time since last request: 0.364383 seconds.
  path: Assets/3DModelos/Arbol/Tronco_basecolor.png
  artifactKey: Guid(d01b82d506cb3c3438295f4d73639169) Importer(815301076,1909f56bfc062723c751e8b465ee728b)
Start importing Assets/3DModelos/Arbol/Tronco_basecolor.png using Guid(d01b82d506cb3c3438295f4d73639169) Importer(815301076,1909f56bfc062723c751e8b465ee728b)  -> (artifact id: '590c312afc12937e3c1c2afe58a6ef56') in 0.013768 seconds 
  Import took 0.015971 seconds .

========================================================================
Received Import Request.
  Time since last request: 56.688613 seconds.
  path: Assets/3DModelos/Arbol/ArbolCuadrado(Clone).prefab
  artifactKey: Guid(c007df3a6ff08b342b5992088cfab9a1) Importer(815301076,1909f56bfc062723c751e8b465ee728b)
Start importing Assets/3DModelos/Arbol/ArbolCuadrado(Clone).prefab using Guid(c007df3a6ff08b342b5992088cfab9a1) Importer(815301076,1909f56bfc062723c751e8b465ee728b)  -> (artifact id: '038853617dcc330b85f2a37f5c2b86c2') in 0.014464 seconds 
  Import took 0.016730 seconds .

========================================================================
Received Import Request.
  Time since last request: 491.903106 seconds.
  path: Assets/3DModelos/Checpoint
  artifactKey: Guid(e2dce1d4f8d362842aaf8f056b71de99) Importer(815301076,1909f56bfc062723c751e8b465ee728b)
Start importing Assets/3DModelos/Checpoint using Guid(e2dce1d4f8d362842aaf8f056b71de99) Importer(815301076,1909f56bfc062723c751e8b465ee728b)  -> (artifact id: 'b44206913c5f3fa14a90f1063b076414') in 0.005583 seconds 
  Import took 0.007854 seconds .

========================================================================
Received Import Request.
  Time since last request: 4.715970 seconds.
  path: Assets/3DModelos/Checkpoint
  artifactKey: Guid(e2dce1d4f8d362842aaf8f056b71de99) Importer(815301076,1909f56bfc062723c751e8b465ee728b)
Start importing Assets/3DModelos/Checkpoint using Guid(e2dce1d4f8d362842aaf8f056b71de99) Importer(815301076,1909f56bfc062723c751e8b465ee728b)  -> (artifact id: '56b6c7dd97d2ed4d5e55d34563be4f3d') in 0.005497 seconds 
  Import took 0.007633 seconds .

========================================================================
Received Import Request.
  Time since last request: 9.171219 seconds.
  path: Assets/3DModelos/Checkpoint/Chekpoint.fbx
  artifactKey: Guid(ed2dd411e91fe1545a460b0391b7ab6f) Importer(815301076,1909f56bfc062723c751e8b465ee728b)
Start importing Assets/3DModelos/Checkpoint/Chekpoint.fbx using Guid(ed2dd411e91fe1545a460b0391b7ab6f) Importer(815301076,1909f56bfc062723c751e8b465ee728b)  -> (artifact id: '7f5ebdaf61891cd2937fa15d56829a7a') in 0.015439 seconds 
  Import took 0.017673 seconds .

========================================================================
Received Import Request.
  Time since last request: 4.114461 seconds.
  path: Assets/3DModelos/Checkpoint/Chekpoint.fbx
  artifactKey: Guid(ed2dd411e91fe1545a460b0391b7ab6f) Importer(815301076,1909f56bfc062723c751e8b465ee728b)
Start importing Assets/3DModelos/Checkpoint/Chekpoint.fbx using Guid(ed2dd411e91fe1545a460b0391b7ab6f) Importer(815301076,1909f56bfc062723c751e8b465ee728b)  -> (artifact id: 'b8b350f6491cd94fa807dcc904a4ccdb') in 0.008629 seconds 
  Import took 0.010818 seconds .

========================================================================
Received Import Request.
  Time since last request: 55.595353 seconds.
  path: Assets/3DModelos/Suelo
  artifactKey: Guid(160f609b1566a914b941ef5112ad8703) Importer(815301076,1909f56bfc062723c751e8b465ee728b)
Start importing Assets/3DModelos/Suelo using Guid(160f609b1566a914b941ef5112ad8703) Importer(815301076,1909f56bfc062723c751e8b465ee728b)  -> (artifact id: '8ea888460db92458604a20e3d3622284') in 0.005522 seconds 
  Import took 0.007681 seconds .

========================================================================
Received Import Request.
  Time since last request: 700.435618 seconds.
  path: ProjectSettings/TagManager.asset
  artifactKey: Guid(00000000000000003000000000000000) Importer(815301076,1909f56bfc062723c751e8b465ee728b)
Start importing ProjectSettings/TagManager.asset using Guid(00000000000000003000000000000000) Importer(815301076,1909f56bfc062723c751e8b465ee728b)  -> (artifact id: 'ce6a35c3cddc746e7501c0bd0ed6d4ce') in 0.007570 seconds 
  Import took 0.009964 seconds .

========================================================================
Received Import Request.
  Time since last request: 1109.997384 seconds.
  path: Assets/3DModelos/Vida
  artifactKey: Guid(2b1ba43fd19afb349a9b8e5056ddc63a) Importer(815301076,1909f56bfc062723c751e8b465ee728b)
Start importing Assets/3DModelos/Vida using Guid(2b1ba43fd19afb349a9b8e5056ddc63a) Importer(815301076,1909f56bfc062723c751e8b465ee728b)  -> (artifact id: '60f0382b35d457c81ea93d3d34db5ea9') in 0.005807 seconds 
  Import took 0.008189 seconds .

========================================================================
Received Import Request.
  Time since last request: 8.483906 seconds.
  path: Assets/3DModelos/Vida/CuboVida.fbx
  artifactKey: Guid(b9d7fcbb06e73a140b2a710ea22a571d) Importer(815301076,1909f56bfc062723c751e8b465ee728b)
Start importing Assets/3DModelos/Vida/CuboVida.fbx using Guid(b9d7fcbb06e73a140b2a710ea22a571d) Importer(815301076,1909f56bfc062723c751e8b465ee728b)  -> (artifact id: '2d96d30fec36af2d9dcee7f7f514a87c') in 0.014964 seconds 
  Import took 0.017212 seconds .

========================================================================
Received Import Request.
  Time since last request: 7.099522 seconds.
  path: Assets/3DModelos/Vida/CuboVida.fbx
  artifactKey: Guid(b9d7fcbb06e73a140b2a710ea22a571d) Importer(815301076,1909f56bfc062723c751e8b465ee728b)
Start importing Assets/3DModelos/Vida/CuboVida.fbx using Guid(b9d7fcbb06e73a140b2a710ea22a571d) Importer(815301076,1909f56bfc062723c751e8b465ee728b)  -> (artifact id: 'fcd7574892e593beb8f0a353b48761f8') in 0.014594 seconds 
  Import took 0.016809 seconds .

========================================================================
Received Import Request.
  Time since last request: 181.244336 seconds.
  path: Assets/3DModelos/Vida/Peligro Variant.prefab
  artifactKey: Guid(2575291fd81344c45a54b89470d66094) Importer(815301076,1909f56bfc062723c751e8b465ee728b)
Start importing Assets/3DModelos/Vida/Peligro Variant.prefab using Guid(2575291fd81344c45a54b89470d66094) Importer(815301076,1909f56bfc062723c751e8b465ee728b)  -> (artifact id: 'add2e666df8e1fb7e20d25e322e062ec') in 0.016632 seconds 
  Import took 0.019251 seconds .

========================================================================
Received Import Request.
  Time since last request: 12.187177 seconds.
  path: Assets/3DModelos/Vida/CuboVida Variant.prefab
  artifactKey: Guid(c20fa25930e1eb34cb7af8be72e17d2d) Importer(815301076,1909f56bfc062723c751e8b465ee728b)
Start importing Assets/3DModelos/Vida/CuboVida Variant.prefab using Guid(c20fa25930e1eb34cb7af8be72e17d2d) Importer(815301076,1909f56bfc062723c751e8b465ee728b)  -> (artifact id: '91df2126cc03923352af341d68cd0ccb') in 0.024900 seconds 
  Import took 0.027271 seconds .

========================================================================
Received Import Request.
  Time since last request: 35.878223 seconds.
  path: Assets/3DModelos/Arbol/ArbolCuadrado.prefab
  artifactKey: Guid(c7e79d5898975414eb8df244ef8df0da) Importer(815301076,1909f56bfc062723c751e8b465ee728b)
Start importing Assets/3DModelos/Arbol/ArbolCuadrado.prefab using Guid(c7e79d5898975414eb8df244ef8df0da) Importer(815301076,1909f56bfc062723c751e8b465ee728b)  -> (artifact id: '3bf41c8af8b2cd44860eefd40793a0fc') in 0.015413 seconds 
  Import took 0.017730 seconds .

